[debug] [2025-07-27T04:38:01.312Z] ----------------------------------------------------------------------
[debug] [2025-07-27T04:38:01.314Z] Command:       C:\nvm4w\nodejs\node.exe C:\nvm4w\nodejs\node_modules\firebase-tools\lib\bin\firebase.js projects:create voicecast-app --display-name "VoiceCast"
[debug] [2025-07-27T04:38:01.315Z] CLI Version:   14.11.1
[debug] [2025-07-27T04:38:01.315Z] Platform:      win32
[debug] [2025-07-27T04:38:01.315Z] Node Version:  v20.11.1
[debug] [2025-07-27T04:38:01.315Z] Time:          Sun Jul 27 2025 13:38:01 GMT+0900 (GMT+09:00)
[debug] [2025-07-27T04:38:01.315Z] ----------------------------------------------------------------------
[debug] 
[debug] [2025-07-27T04:38:01.461Z] > command requires scopes: ["email","openid","https://www.googleapis.com/auth/cloudplatformprojects.readonly","https://www.googleapis.com/auth/firebase","https://www.googleapis.com/auth/cloud-platform"]
[debug] [2025-07-27T04:38:01.461Z] > authorizing via signed-in user (dash201206@gmail.com)
[debug] [2025-07-27T04:38:01.463Z] Checked if tokens are valid: true, expires at: 1753594516472
[debug] [2025-07-27T04:38:01.463Z] Checked if tokens are valid: true, expires at: 1753594516472
[debug] [2025-07-27T04:38:01.464Z] >>> [apiv2][query] POST https://cloudresourcemanager.googleapis.com/v1/projects [none]
[debug] [2025-07-27T04:38:01.464Z] >>> [apiv2][body] POST https://cloudresourcemanager.googleapis.com/v1/projects {"projectId":"voicecast-app","name":"\"VoiceCast\""}
[debug] [2025-07-27T04:38:02.344Z] <<< [apiv2][status] POST https://cloudresourcemanager.googleapis.com/v1/projects 200
[debug] [2025-07-27T04:38:02.344Z] <<< [apiv2][body] POST https://cloudresourcemanager.googleapis.com/v1/projects {"name":"operations/create_project.global.4799758809075453728"}
[debug] [2025-07-27T04:38:02.345Z] Checked if tokens are valid: true, expires at: 1753594516472
[debug] [2025-07-27T04:38:02.345Z] Checked if tokens are valid: true, expires at: 1753594516472
[debug] [2025-07-27T04:38:02.345Z] >>> [apiv2][query] GET https://cloudresourcemanager.googleapis.com/v1/operations/create_project.global.4799758809075453728 [none]
[debug] [2025-07-27T04:38:02.999Z] <<< [apiv2][status] GET https://cloudresourcemanager.googleapis.com/v1/operations/create_project.global.4799758809075453728 200
[debug] [2025-07-27T04:38:02.999Z] <<< [apiv2][body] GET https://cloudresourcemanager.googleapis.com/v1/operations/create_project.global.4799758809075453728 {"name":"operations/create_project.global.4799758809075453728"}
[debug] [2025-07-27T04:38:03.503Z] [Project Creation Poller] Retrying task index 0
[debug] [2025-07-27T04:38:03.503Z] Checked if tokens are valid: true, expires at: 1753594516472
[debug] [2025-07-27T04:38:03.503Z] Checked if tokens are valid: true, expires at: 1753594516472
[debug] [2025-07-27T04:38:03.504Z] >>> [apiv2][query] GET https://cloudresourcemanager.googleapis.com/v1/operations/create_project.global.4799758809075453728 [none]
[debug] [2025-07-27T04:38:03.699Z] <<< [apiv2][status] GET https://cloudresourcemanager.googleapis.com/v1/operations/create_project.global.4799758809075453728 200
[debug] [2025-07-27T04:38:03.699Z] <<< [apiv2][body] GET https://cloudresourcemanager.googleapis.com/v1/operations/create_project.global.4799758809075453728 {"name":"operations/create_project.global.4799758809075453728"}
[debug] [2025-07-27T04:38:04.703Z] [Project Creation Poller] Retrying task index 0
[debug] [2025-07-27T04:38:04.703Z] Checked if tokens are valid: true, expires at: 1753594516472
[debug] [2025-07-27T04:38:04.704Z] Checked if tokens are valid: true, expires at: 1753594516472
[debug] [2025-07-27T04:38:04.704Z] >>> [apiv2][query] GET https://cloudresourcemanager.googleapis.com/v1/operations/create_project.global.4799758809075453728 [none]
[debug] [2025-07-27T04:38:04.896Z] <<< [apiv2][status] GET https://cloudresourcemanager.googleapis.com/v1/operations/create_project.global.4799758809075453728 200
[debug] [2025-07-27T04:38:04.896Z] <<< [apiv2][body] GET https://cloudresourcemanager.googleapis.com/v1/operations/create_project.global.4799758809075453728 {"name":"operations/create_project.global.4799758809075453728","metadata":{"@type":"type.googleapis.com/google.cloudresourcemanager.v1.ProjectCreationStatus","gettable":true,"ready":true},"done":true,"response":{"@type":"type.googleapis.com/google.cloudresourcemanager.v1.Project","projectNumber":"321179913743","projectId":"voicecast-app","lifecycleState":"ACTIVE","name":"\"VoiceCast\"","createTime":"2025-07-27T04:38:03.488604Z"}}
[debug] [2025-07-27T04:38:04.896Z] Checked if tokens are valid: true, expires at: 1753594516472
[debug] [2025-07-27T04:38:04.896Z] Checked if tokens are valid: true, expires at: 1753594516472
[debug] [2025-07-27T04:38:04.896Z] >>> [apiv2][query] POST https://firebase.googleapis.com/v1beta1/projects/voicecast-app:addFirebase [none]
[debug] [2025-07-27T04:38:06.160Z] <<< [apiv2][status] POST https://firebase.googleapis.com/v1beta1/projects/voicecast-app:addFirebase 403
[debug] [2025-07-27T04:38:06.160Z] <<< [apiv2][body] POST https://firebase.googleapis.com/v1beta1/projects/voicecast-app:addFirebase {"error":{"code":403,"message":"The caller does not have permission","status":"PERMISSION_DENIED"}}
[debug] [2025-07-27T04:38:06.161Z] Request to https://firebase.googleapis.com/v1beta1/projects/voicecast-app:addFirebase had HTTP Error: 403, The caller does not have permission
[debug] [2025-07-27T04:38:06.162Z] FirebaseError: Request to https://firebase.googleapis.com/v1beta1/projects/voicecast-app:addFirebase had HTTP Error: 403, The caller does not have permission
    at responseToError (C:\Users\dash2\AppData\Local\nvm\v20.11.1\node_modules\firebase-tools\lib\responseToError.js:52:12)
    at RetryOperation._fn (C:\Users\dash2\AppData\Local\nvm\v20.11.1\node_modules\firebase-tools\lib\apiv2.js:312:77)
    at process.processTicksAndRejections (node:internal/process/task_queues:95:5)
[error] 
[error] Error: Failed to add Firebase to Google Cloud Platform project. See firebase-debug.log for more info.
